#
# A fatal error has been detected by the Java Runtime Environment:
#
#  EXCEPTION_ACCESS_VIOLATION (0xc0000005) at pc=0x00007ffcd084cc56, pid=12536, tid=8604
#
# JRE version: Java(TM) SE Runtime Environment (17.0.2+8) (build 17.0.2+8-LTS-86)
# Java VM: Java HotSpot(TM) 64-Bit Server VM (17.0.2+8-LTS-86, mixed mode, emulated-client, sharing, tiered, compressed oops, compressed class ptrs, g1 gc, windows-amd64)
# Problematic frame:
# V  [jvm.dll+0x1acc56]
#
# No core dump will be written. Minidumps are not enabled by default on client versions of Windows
#
# If you would like to submit a bug report, please visit:
#   https://bugreport.java.com/bugreport/crash.jsp
#

---------------  S U M M A R Y ------------

Command Line: -XX:TieredStopAtLevel=1 -Xverify:none -Dspring.output.ansi.enabled=always -Dcom.sun.management.jmxremote -Dspring.jmx.enabled=true -Dspring.liveBeansView.mbeanDomain -Dspring.application.admin.enabled=true -javaagent:C:\Program Files\JetBrains\IntelliJ IDEA 2021.3.2\lib\idea_rt.jar=63720:C:\Program Files\JetBrains\IntelliJ IDEA 2021.3.2\bin -Dfile.encoding=UTF-8 com.dampcave.courseworkitransitionai.CourseworkItransitionAiApplication

Host: Intel(R) Core(TM) i5 CPU         760  @ 2.80GHz, 4 cores, 15G,  Windows 10 , 64 bit Build 19041 (10.0.19041.1503)
Time: Sun Mar  6 16:12:52 2022 RTZ 2 (s 10 , 64 bit Build 19041 (10.0.19041.1503) elapsed time: 3.486612 seconds (0d 0h 0m 3s)

---------------  T H R E A D  ---------------

Current thread (0x000001808e7460f0):  ConcurrentGCThread "G1 Conc#0" [stack: 0x00000062c0700000,0x00000062c0800000] [id=8604]

Stack: [0x00000062c0700000,0x00000062c0800000],  sp=0x00000062c07ff898,  free space=1022k
Native frames: (J=compiled Java code, j=interpreted, Vv=VM code, C=native code)
V  [jvm.dll+0x1acc56]


siginfo: EXCEPTION_ACCESS_VIOLATION (0xc0000005), reading address 0x000000080800e978


Register to memory mapping:

RIP=0x00007ffcd084cc56 jvm.dll
RAX=0x0100400004012449 is an unknown value
RBX=0x000001808e733801 points into unknown readable memory: 00 00 00 00 00 00 00
RCX=
[error occurred during error reporting (printing register info), id 0xc0000005, EXCEPTION_ACCESS_VIOLATION (0xc0000005) at pc=0x00007ffcd096f2cd]

Registers:
RAX=0x0100400004012449, RBX=0x000001808e733801, RCX=0x00000007020946a0, RDX=0x00000007020946a0
RSP=0x00000062c07ff898, RBP=0x0000000000000000, RSI=0x000001808e733890, RDI=0x00000007020946a0
R8 =0x000001809e75a518, R9 =0x000000080800e970, R10=0x0000000000000047, R11=0x0000000000000003
R12=0x0000000000000000, R13=0xaaaaaaaaaaaaaaab, R14=0x000000080014c9b8, R15=0x0000000702094680
RIP=0x00007ffcd084cc56, EFLAGS=0x0000000000010202

Top of Stack: (sp=0x00000062c07ff898)
0x00000062c07ff898:   00007ffcd09726f8 0000000000000000
0x00000062c07ff8a8:   0000000000000000 0000133f595e6a87
0x00000062c07ff8b8:   00000062c07ffa70 00000007020946a0
0x00000062c07ff8c8:   00007ffcd097237f 000001808e748470
0x00000062c07ff8d8:   00000062c07ffa70 000000080014c9b0
0x00000062c07ff8e8:   00007ffcd0d0a23c 000000070209469c
0x00000062c07ff8f8:   00007ffcd09705ed 0000000702094690
0x00000062c07ff908:   00007ffcd0970bed 00000062c07ff940
0x00000062c07ff918:   00007ffcd0970251 00000062c07ffa30
0x00000062c07ff928:   0000000000000001 0000000702094680
0x00000062c07ff938:   00007ffcd0970251 000000080014c778
0x00000062c07ff948:   0000000000000004 00000062c07ffa70
0x00000062c07ff958:   0000000000000000 000001808e748470
0x00000062c07ff968:   00007ffcd0985ace 0000000702094680
0x00000062c07ff978:   000001808e7338e0 00000062c07ffa30
0x00000062c07ff988:   000001808e7338e0 0000000702094680 

Instructions: (pc=0x00007ffcd084cc56)
0x00007ffcd084cb56:   40 48 8b 74 24 48 48 83 c4 30 5f c3 48 8b 07 48
0x00007ffcd084cb66:   8d 54 24 20 48 89 4c 24 28 48 8b cf 48 89 5c 24
0x00007ffcd084cb76:   20 ff 50 38 48 8b 5c 24 40 48 8b 74 24 48 48 83
0x00007ffcd084cb86:   c4 30 5f c3 cc cc cc cc cc cc 48 89 5c 24 08 57
0x00007ffcd084cb96:   48 83 ec 30 48 8b 02 48 8b f9 48 8b ca 48 8b da
0x00007ffcd084cba6:   ff 50 38 84 c0 74 48 0f 10 83 f0 02 00 00 66 0f
0x00007ffcd084cbb6:   73 d8 08 66 48 0f 7e c0 48 85 c0 74 32 0f 10 83
0x00007ffcd084cbc6:   f0 02 00 00 48 8b 07 48 8d 54 24 20 48 8b cf 0f
0x00007ffcd084cbd6:   29 44 24 20 ff 50 40 33 c0 48 89 44 24 20 48 89
0x00007ffcd084cbe6:   44 24 28 0f 10 44 24 20 0f 11 83 f0 02 00 00 48
0x00007ffcd084cbf6:   8b 5c 24 40 48 83 c4 30 5f c3 48 8b 49 40 48 8b
0x00007ffcd084cc06:   01 48 ff 60 28 cc cc cc cc cc 80 3d 8c dd 93 00
0x00007ffcd084cc16:   00 48 8b c1 74 1b 8b 51 08 8b 0d 93 66 8d 00 48
0x00007ffcd084cc26:   d3 e2 48 8b c8 48 03 15 7e 66 8d 00 e9 19 00 00
0x00007ffcd084cc36:   00 48 8b 51 08 48 8b c8 e9 0d 00 00 00 cc cc cc
0x00007ffcd084cc46:   cc cc cc cc cc cc cc cc cc cc 4c 8b ca 48 8b d1
0x00007ffcd084cc56:   45 8b 41 08 45 85 c0 7e 0e 41 f6 c0 01 75 56 41
0x00007ffcd084cc66:   c1 f8 03 41 8b c0 c3 79 4c 80 3d 2d dd 93 00 00
0x00007ffcd084cc76:   b8 0c 00 00 00 b9 10 00 00 00 0f 45 c8 8b 05 4b
0x00007ffcd084cc86:   75 8d 00 ff c8 4c 63 c8 48 63 14 11 41 8b c8 83
0x00007ffcd084cc96:   e1 3f 48 d3 e2 41 8b c8 48 c1 f9 10 0f b6 c1 49
0x00007ffcd084cca6:   8d 0c 11 49 f7 d1 48 03 c1 49 c1 e9 03 48 c1 e8
0x00007ffcd084ccb6:   03 41 23 c1 c3 49 8b 01 49 8b c9 48 ff a0 00 01
0x00007ffcd084ccc6:   00 00 cc cc cc cc cc cc cc cc 48 83 ec 38 0f 10
0x00007ffcd084ccd6:   02 48 8b 49 40 48 8d 54 24 20 0f 29 44 24 20 e8
0x00007ffcd084cce6:   56 f2 ff ff 48 83 c4 38 c3 cc 48 83 ec 38 0f 10
0x00007ffcd084ccf6:   02 48 8b 01 48 8d 54 24 20 0f 29 44 24 20 ff 50
0x00007ffcd084cd06:   38 48 83 c4 38 c3 cc cc cc cc 48 89 5c 24 08 55
0x00007ffcd084cd16:   56 57 41 54 41 55 41 56 41 57 48 8d 6c 24 e0 48
0x00007ffcd084cd26:   81 ec 20 01 00 00 48 8b 05 85 62 90 00 48 33 c4
0x00007ffcd084cd36:   48 89 45 10 48 8b 05 cf d4 92 00 45 33 ed 4c 8b
0x00007ffcd084cd46:   b5 80 00 00 00 4c 8b fa 48 8b bd 88 00 00 00 4d 


Stack slot to memory mapping:
stack at sp + 0 slots: 0x00007ffcd09726f8 jvm.dll
stack at sp + 1 slots: 0x0 is NULL
stack at sp + 2 slots: 0x0 is NULL
stack at sp + 3 slots: 0x0000133f595e6a87 is an unknown value
stack at sp + 4 slots: 0x00000062c07ffa70 points into unknown readable memory: 0x00007ffcd0f90798 | 98 07 f9 d0 fc 7f 00 00
stack at sp + 5 slots: 
[error occurred during error reporting (inspecting top of stack), id 0xc0000005, EXCEPTION_ACCESS_VIOLATION (0xc0000005) at pc=0x00007ffcd096f2cd]


---------------  P R O C E S S  ---------------

Threads class SMR info:
_java_thread_list=0x00000180a801bc70, length=17, elements={
0x000001808e6e41f0, 0x00000180a4ab9e80, 0x00000180a4abaa00, 0x00000180a4acea90,
0x00000180a4acf610, 0x00000180a4ad0ee0, 0x00000180a4ad17a0, 0x00000180a4ad2110,
0x00000180a4ad2e20, 0x00000180a567c070, 0x00000180a4aa21c0, 0x00000180a66773a0,
0x00000180a6677870, 0x00000180a688d8a0, 0x00000180a697f7c0, 0x00000180a6b76120,
0x00000180a6b95b40
}

Java Threads: ( => current thread )
  0x000001808e6e41f0 JavaThread "main" [_thread_blocked, id=7024, stack(0x00000062c0400000,0x00000062c0500000)]
  0x00000180a4ab9e80 JavaThread "Reference Handler" daemon [_thread_blocked, id=12960, stack(0x00000062c0b00000,0x00000062c0c00000)]
  0x00000180a4abaa00 JavaThread "Finalizer" daemon [_thread_blocked, id=11216, stack(0x00000062c0c00000,0x00000062c0d00000)]
  0x00000180a4acea90 JavaThread "Signal Dispatcher" daemon [_thread_blocked, id=11676, stack(0x00000062c0d00000,0x00000062c0e00000)]
  0x00000180a4acf610 JavaThread "Attach Listener" daemon [_thread_blocked, id=484, stack(0x00000062c0e00000,0x00000062c0f00000)]
  0x00000180a4ad0ee0 JavaThread "Service Thread" daemon [_thread_blocked, id=13188, stack(0x00000062c0f00000,0x00000062c1000000)]
  0x00000180a4ad17a0 JavaThread "Monitor Deflation Thread" daemon [_thread_blocked, id=5956, stack(0x00000062c1000000,0x00000062c1100000)]
  0x00000180a4ad2110 JavaThread "C1 CompilerThread0" daemon [_thread_blocked, id=9820, stack(0x00000062c1100000,0x00000062c1200000)]
  0x00000180a4ad2e20 JavaThread "Sweeper thread" daemon [_thread_blocked, id=5708, stack(0x00000062c1200000,0x00000062c1300000)]
  0x00000180a567c070 JavaThread "C1 CompilerThread1" daemon [_thread_blocked, id=8472, stack(0x00000062c1300000,0x00000062c1400000)]
  0x00000180a4aa21c0 JavaThread "Common-Cleaner" daemon [_thread_blocked, id=7448, stack(0x00000062c1400000,0x00000062c1500000)]
  0x00000180a66773a0 JavaThread "Monitor Ctrl-Break" daemon [_thread_in_native, id=6336, stack(0x00000062c1800000,0x00000062c1900000)]
  0x00000180a6677870 JavaThread "Notification Thread" daemon [_thread_blocked, id=5368, stack(0x00000062c1900000,0x00000062c1a00000)]
  0x00000180a688d8a0 JavaThread "RMI TCP Accept-0" daemon [_thread_in_native, id=10368, stack(0x00000062c1a00000,0x00000062c1b00000)]
  0x00000180a697f7c0 JavaThread "C1 CompilerThread2" daemon [_thread_blocked, id=11756, stack(0x00000062c1c00000,0x00000062c1d00000)]
  0x00000180a6b76120 JavaThread "Thread-0" [_thread_blocked, id=3032, stack(0x00000062c1d00000,0x00000062c1e00000)]
  0x00000180a6b95b40 JavaThread "restartedMain" [_thread_in_vm, id=10376, stack(0x00000062c1e00000,0x00000062c1f00000)]

Other Threads:
  0x00000180a4ab2cc0 VMThread "VM Thread" [stack: 0x00000062c0a00000,0x00000062c0b00000] [id=3876]
  0x00000180a6896ba0 WatcherThread [stack: 0x00000062c1b00000,0x00000062c1c00000] [id=4100]
  0x000001808e732470 GCTaskThread "GC Thread#0" [stack: 0x00000062c0500000,0x00000062c0600000] [id=8276]
  0x00000180a5e1a8a0 GCTaskThread "GC Thread#1" [stack: 0x00000062c1500000,0x00000062c1600000] [id=8176]
  0x00000180a5e1ab50 GCTaskThread "GC Thread#2" [stack: 0x00000062c1600000,0x00000062c1700000] [id=3480]
  0x00000180a5e1ae00 GCTaskThread "GC Thread#3" [stack: 0x00000062c1700000,0x00000062c1800000] [id=9356]
  0x000001808e745130 ConcurrentGCThread "G1 Main Marker" [stack: 0x00000062c0600000,0x00000062c0700000] [id=12704]
=>0x000001808e7460f0 ConcurrentGCThread "G1 Conc#0" [stack: 0x00000062c0700000,0x00000062c0800000] [id=8604]
  0x000001808e7893e0 ConcurrentGCThread "G1 Refine#0" [stack: 0x00000062c0800000,0x00000062c0900000] [id=12560]
  0x000001808e789c10 ConcurrentGCThread "G1 Service" [stack: 0x00000062c0900000,0x00000062c0a00000] [id=9228]

Threads with active compile tasks:

VM state: not at safepoint (normal execution)

VM Mutex/Monitor currently owned by a thread: None

Heap address: 0x0000000700a00000, size: 4086 MB, Compressed Oops mode: Zero based, Oop shift amount: 3

CDS archive(s) mapped at: [0x0000000800000000-0x0000000800bc0000-0x0000000800bc0000), size 12320768, SharedBaseAddress: 0x0000000800000000, ArchiveRelocationMode: 0.
Compressed class space mapped at: 0x0000000800c00000-0x0000000840c00000, reserved size: 1073741824
Narrow klass base: 0x0000000800000000, Narrow klass shift: 0, Narrow klass range: 0x100000000

GC Precious Log:
 CPUs: 4 total, 4 available
 Memory: 16343M
 Large Page Support: Disabled
 NUMA Support: Disabled
 Compressed Oops: Enabled (Zero based)
 Heap Region Size: 2M
 Heap Min Capacity: 8M
 Heap Initial Capacity: 256M
 Heap Max Capacity: 4086M
 Pre-touch: Disabled
 Parallel Workers: 4
 Concurrent Workers: 1
 Concurrent Refinement Workers: 4
 Periodic GC: Disabled

Heap:
 garbage-first heap   total 262144K, used 32106K [0x0000000700a00000, 0x0000000800000000)
  region size 2048K, 5 young (10240K), 4 survivors (8192K)
 Metaspace       used 21512K, committed 21824K, reserved 1073152K
  class space    used 2943K, committed 3072K, reserved 1048576K

Heap Regions: E=young(eden), S=young(survivor), O=old, HS=humongous(starts), HC=humongous(continues), CS=collection set, F=free, OA=open archive, CA=closed archive, TAMS=top-at-mark-start (previous, next)
|   0|0x0000000700a00000, 0x0000000700c00000, 0x0000000700c00000|100%| O|  |TAMS 0x0000000700a00000, 0x0000000700c00000| Untracked 
|   1|0x0000000700c00000, 0x0000000700e00000, 0x0000000700e00000|100%| O|  |TAMS 0x0000000700c00000, 0x0000000700e00000| Untracked 
|   2|0x0000000700e00000, 0x0000000701000000, 0x0000000701000000|100%| O|  |TAMS 0x0000000700e00000, 0x0000000701000000| Untracked 
|   3|0x0000000701000000, 0x0000000701200000, 0x0000000701200000|100%| O|  |TAMS 0x0000000701000000, 0x0000000701200000| Untracked 
|   4|0x0000000701200000, 0x0000000701400000, 0x0000000701400000|100%| O|  |TAMS 0x0000000701200000, 0x0000000701400000| Untracked 
|   5|0x0000000701400000, 0x0000000701600000, 0x0000000701600000|100%| O|  |TAMS 0x0000000701400000, 0x0000000701600000| Untracked 
|   6|0x0000000701600000, 0x0000000701800000, 0x0000000701800000|100%| O|  |TAMS 0x0000000701600000, 0x0000000701800000| Untracked 
|   7|0x0000000701800000, 0x0000000701a00000, 0x0000000701a00000|100%| O|  |TAMS 0x0000000701800000, 0x0000000701a00000| Untracked 
|   8|0x0000000701a00000, 0x0000000701c00000, 0x0000000701c00000|100%| O|  |TAMS 0x0000000701a00000, 0x0000000701c00000| Untracked 
|   9|0x0000000701c00000, 0x0000000701e00000, 0x0000000701e00000|100%| O|  |TAMS 0x0000000701c00000, 0x0000000701e00000| Untracked 
|  10|0x0000000701e00000, 0x0000000702000000, 0x0000000702000000|100%| O|  |TAMS 0x0000000701e00000, 0x0000000702000000| Untracked 
|  11|0x0000000702000000, 0x0000000702200000, 0x0000000702200000|100%| O|  |TAMS 0x0000000702000000, 0x0000000702200000| Untracked 
|  12|0x0000000702200000, 0x00000007022bf000, 0x0000000702400000| 37%| O|  |TAMS 0x0000000702200000, 0x00000007022bf000| Untracked 
|  13|0x0000000702400000, 0x0000000702400000, 0x0000000702600000|  0%| F|  |TAMS 0x0000000702400000, 0x0000000702400000| Untracked 
|  14|0x0000000702600000, 0x0000000702600000, 0x0000000702800000|  0%| F|  |TAMS 0x0000000702600000, 0x0000000702600000| Untracked 
|  15|0x0000000702800000, 0x0000000702800000, 0x0000000702a00000|  0%| F|  |TAMS 0x0000000702800000, 0x0000000702800000| Untracked 
|  16|0x0000000702a00000, 0x0000000702a00000, 0x0000000702c00000|  0%| F|  |TAMS 0x0000000702a00000, 0x0000000702a00000| Untracked 
|  17|0x0000000702c00000, 0x0000000702c00000, 0x0000000702e00000|  0%| F|  |TAMS 0x0000000702c00000, 0x0000000702c00000| Untracked 
|  18|0x0000000702e00000, 0x0000000702e00000, 0x0000000703000000|  0%| F|  |TAMS 0x0000000702e00000, 0x0000000702e00000| Untracked 
|  19|0x0000000703000000, 0x0000000703000000, 0x0000000703200000|  0%| F|  |TAMS 0x0000000703000000, 0x0000000703000000| Untracked 
|  20|0x0000000703200000, 0x0000000703200000, 0x0000000703400000|  0%| F|  |TAMS 0x0000000703200000, 0x0000000703200000| Untracked 
|  21|0x0000000703400000, 0x0000000703400000, 0x0000000703600000|  0%| F|  |TAMS 0x0000000703400000, 0x0000000703400000| Untracked 
|  22|0x0000000703600000, 0x0000000703600000, 0x0000000703800000|  0%| F|  |TAMS 0x0000000703600000, 0x0000000703600000| Untracked 
|  23|0x0000000703800000, 0x0000000703800000, 0x0000000703a00000|  0%| F|  |TAMS 0x0000000703800000, 0x0000000703800000| Untracked 
|  24|0x0000000703a00000, 0x0000000703a00000, 0x0000000703c00000|  0%| F|  |TAMS 0x0000000703a00000, 0x0000000703a00000| Untracked 
|  25|0x0000000703c00000, 0x0000000703c00000, 0x0000000703e00000|  0%| F|  |TAMS 0x0000000703c00000, 0x0000000703c00000| Untracked 
|  26|0x0000000703e00000, 0x0000000703e00000, 0x0000000704000000|  0%| F|  |TAMS 0x0000000703e00000, 0x0000000703e00000| Untracked 
|  27|0x0000000704000000, 0x0000000704000000, 0x0000000704200000|  0%| F|  |TAMS 0x0000000704000000, 0x0000000704000000| Untracked 
|  28|0x0000000704200000, 0x0000000704200000, 0x0000000704400000|  0%| F|  |TAMS 0x0000000704200000, 0x0000000704200000| Untracked 
|  29|0x0000000704400000, 0x0000000704400000, 0x0000000704600000|  0%| F|  |TAMS 0x0000000704400000, 0x0000000704400000| Untracked 
|  30|0x0000000704600000, 0x0000000704600000, 0x0000000704800000|  0%| F|  |TAMS 0x0000000704600000, 0x0000000704600000| Untracked 
|  31|0x0000000704800000, 0x0000000704800000, 0x0000000704a00000|  0%| F|  |TAMS 0x0000000704800000, 0x0000000704800000| Untracked 
|  32|0x0000000704a00000, 0x0000000704a00000, 0x0000000704c00000|  0%| F|  |TAMS 0x0000000704a00000, 0x0000000704a00000| Untracked 
|  33|0x0000000704c00000, 0x0000000704c00000, 0x0000000704e00000|  0%| F|  |TAMS 0x0000000704c00000, 0x0000000704c00000| Untracked 
|  34|0x0000000704e00000, 0x0000000704e00000, 0x0000000705000000|  0%| F|  |TAMS 0x0000000704e00000, 0x0000000704e00000| Untracked 
|  35|0x0000000705000000, 0x0000000705000000, 0x0000000705200000|  0%| F|  |TAMS 0x0000000705000000, 0x0000000705000000| Untracked 
|  36|0x0000000705200000, 0x0000000705200000, 0x0000000705400000|  0%| F|  |TAMS 0x0000000705200000, 0x0000000705200000| Untracked 
|  37|0x0000000705400000, 0x0000000705400000, 0x0000000705600000|  0%| F|  |TAMS 0x0000000705400000, 0x0000000705400000| Untracked 
|  38|0x0000000705600000, 0x0000000705600000, 0x0000000705800000|  0%| F|  |TAMS 0x0000000705600000, 0x0000000705600000| Untracked 
|  39|0x0000000705800000, 0x0000000705800000, 0x0000000705a00000|  0%| F|  |TAMS 0x0000000705800000, 0x0000000705800000| Untracked 
|  40|0x0000000705a00000, 0x0000000705a00000, 0x0000000705c00000|  0%| F|  |TAMS 0x0000000705a00000, 0x0000000705a00000| Untracked 
|  41|0x0000000705c00000, 0x0000000705c00000, 0x0000000705e00000|  0%| F|  |TAMS 0x0000000705c00000, 0x0000000705c00000| Untracked 
|  42|0x0000000705e00000, 0x0000000705e00000, 0x0000000706000000|  0%| F|  |TAMS 0x0000000705e00000, 0x0000000705e00000| Untracked 
|  43|0x0000000706000000, 0x0000000706000000, 0x0000000706200000|  0%| F|  |TAMS 0x0000000706000000, 0x0000000706000000| Untracked 
|  44|0x0000000706200000, 0x0000000706200000, 0x0000000706400000|  0%| F|  |TAMS 0x0000000706200000, 0x0000000706200000| Untracked 
|  45|0x0000000706400000, 0x0000000706400000, 0x0000000706600000|  0%| F|  |TAMS 0x0000000706400000, 0x0000000706400000| Untracked 
|  46|0x0000000706600000, 0x0000000706600000, 0x0000000706800000|  0%| F|  |TAMS 0x0000000706600000, 0x0000000706600000| Untracked 
|  47|0x0000000706800000, 0x0000000706800000, 0x0000000706a00000|  0%| F|  |TAMS 0x0000000706800000, 0x0000000706800000| Untracked 
|  48|0x0000000706a00000, 0x0000000706a00000, 0x0000000706c00000|  0%| F|  |TAMS 0x0000000706a00000, 0x0000000706a00000| Untracked 
|  49|0x0000000706c00000, 0x0000000706c00000, 0x0000000706e00000|  0%| F|  |TAMS 0x0000000706c00000, 0x0000000706c00000| Untracked 
|  50|0x0000000706e00000, 0x0000000706e00000, 0x0000000707000000|  0%| F|  |TAMS 0x0000000706e00000, 0x0000000706e00000| Untracked 
|  51|0x0000000707000000, 0x0000000707000000, 0x0000000707200000|  0%| F|  |TAMS 0x0000000707000000, 0x0000000707000000| Untracked 
|  52|0x0000000707200000, 0x0000000707200000, 0x0000000707400000|  0%| F|  |TAMS 0x0000000707200000, 0x0000000707200000| Untracked 
|  53|0x0000000707400000, 0x0000000707400000, 0x0000000707600000|  0%| F|  |TAMS 0x0000000707400000, 0x0000000707400000| Untracked 
|  54|0x0000000707600000, 0x0000000707600000, 0x0000000707800000|  0%| F|  |TAMS 0x0000000707600000, 0x0000000707600000| Untracked 
|  55|0x0000000707800000, 0x0000000707800000, 0x0000000707a00000|  0%| F|  |TAMS 0x0000000707800000, 0x0000000707800000| Untracked 
|  56|0x0000000707a00000, 0x0000000707a00000, 0x0000000707c00000|  0%| F|  |TAMS 0x0000000707a00000, 0x0000000707a00000| Untracked 
|  57|0x0000000707c00000, 0x0000000707c00000, 0x0000000707e00000|  0%| F|  |TAMS 0x0000000707c00000, 0x0000000707c00000| Untracked 
|  58|0x0000000707e00000, 0x0000000707e00000, 0x0000000708000000|  0%| F|  |TAMS 0x0000000707e00000, 0x0000000707e00000| Untracked 
|  59|0x0000000708000000, 0x0000000708000000, 0x0000000708200000|  0%| F|  |TAMS 0x0000000708000000, 0x0000000708000000| Untracked 
|  60|0x0000000708200000, 0x0000000708200000, 0x0000000708400000|  0%| F|  |TAMS 0x0000000708200000, 0x0000000708200000| Untracked 
|  61|0x0000000708400000, 0x0000000708400000, 0x0000000708600000|  0%| F|  |TAMS 0x0000000708400000, 0x0000000708400000| Untracked 
|  62|0x0000000708600000, 0x0000000708600000, 0x0000000708800000|  0%| F|  |TAMS 0x0000000708600000, 0x0000000708600000| Untracked 
|  63|0x0000000708800000, 0x0000000708800000, 0x0000000708a00000|  0%| F|  |TAMS 0x0000000708800000, 0x0000000708800000| Untracked 
|  64|0x0000000708a00000, 0x0000000708a00000, 0x0000000708c00000|  0%| F|  |TAMS 0x0000000708a00000, 0x0000000708a00000| Untracked 
|  65|0x0000000708c00000, 0x0000000708c00000, 0x0000000708e00000|  0%| F|  |TAMS 0x0000000708c00000, 0x0000000708c00000| Untracked 
|  66|0x0000000708e00000, 0x0000000708e00000, 0x0000000709000000|  0%| F|  |TAMS 0x0000000708e00000, 0x0000000708e00000| Untracked 
|  67|0x0000000709000000, 0x0000000709000000, 0x0000000709200000|  0%| F|  |TAMS 0x0000000709000000, 0x0000000709000000| Untracked 
|  68|0x0000000709200000, 0x0000000709200000, 0x0000000709400000|  0%| F|  |TAMS 0x0000000709200000, 0x0000000709200000| Untracked 
|  69|0x0000000709400000, 0x0000000709400000, 0x0000000709600000|  0%| F|  |TAMS 0x0000000709400000, 0x0000000709400000| Untracked 
|  70|0x0000000709600000, 0x0000000709600000, 0x0000000709800000|  0%| F|  |TAMS 0x0000000709600000, 0x0000000709600000| Untracked 
|  71|0x0000000709800000, 0x0000000709800000, 0x0000000709a00000|  0%| F|  |TAMS 0x0000000709800000, 0x0000000709800000| Untracked 
|  72|0x0000000709a00000, 0x0000000709a00000, 0x0000000709c00000|  0%| F|  |TAMS 0x0000000709a00000, 0x0000000709a00000| Untracked 
|  73|0x0000000709c00000, 0x0000000709c00000, 0x0000000709e00000|  0%| F|  |TAMS 0x0000000709c00000, 0x0000000709c00000| Untracked 
|  74|0x0000000709e00000, 0x0000000709e00000, 0x000000070a000000|  0%| F|  |TAMS 0x0000000709e00000, 0x0000000709e00000| Untracked 
|  75|0x000000070a000000, 0x000000070a000000, 0x000000070a200000|  0%| F|  |TAMS 0x000000070a000000, 0x000000070a000000| Untracked 
|  76|0x000000070a200000, 0x000000070a200000, 0x000000070a400000|  0%| F|  |TAMS 0x000000070a200000, 0x000000070a200000| Untracked 
|  77|0x000000070a400000, 0x000000070a400000, 0x000000070a600000|  0%| F|  |TAMS 0x000000070a400000, 0x000000070a400000| Untracked 
|  78|0x000000070a600000, 0x000000070a600000, 0x000000070a800000|  0%| F|  |TAMS 0x000000070a600000, 0x000000070a600000| Untracked 
|  79|0x000000070a800000, 0x000000070a800000, 0x000000070aa00000|  0%| F|  |TAMS 0x000000070a800000, 0x000000070a800000| Untracked 
|  80|0x000000070aa00000, 0x000000070aa00000, 0x000000070ac00000|  0%| F|  |TAMS 0x000000070aa00000, 0x000000070aa00000| Untracked 
|  81|0x000000070ac00000, 0x000000070ac00000, 0x000000070ae00000|  0%| F|  |TAMS 0x000000070ac00000, 0x000000070ac00000| Untracked 
|  82|0x000000070ae00000, 0x000000070ae00000, 0x000000070b000000|  0%| F|  |TAMS 0x000000070ae00000, 0x000000070ae00000| Untracked 
|  83|0x000000070b000000, 0x000000070b000000, 0x000000070b200000|  0%| F|  |TAMS 0x000000070b000000, 0x000000070b000000| Untracked 
|  84|0x000000070b200000, 0x000000070b200000, 0x000000070b400000|  0%| F|  |TAMS 0x000000070b200000, 0x000000070b200000| Untracked 
|  85|0x000000070b400000, 0x000000070b400000, 0x000000070b600000|  0%| F|  |TAMS 0x000000070b400000, 0x000000070b400000| Untracked 
|  86|0x000000070b600000, 0x000000070b600000, 0x000000070b800000|  0%| F|  |TAMS 0x000000070b600000, 0x000000070b600000| Untracked 
|  87|0x000000070b800000, 0x000000070b800000, 0x000000070ba00000|  0%| F|  |TAMS 0x000000070b800000, 0x000000070b800000| Untracked 
|  88|0x000000070ba00000, 0x000000070ba00000, 0x000000070bc00000|  0%| F|  |TAMS 0x000000070ba00000, 0x000000070ba00000| Untracked 
|  89|0x000000070bc00000, 0x000000070bc00000, 0x000000070be00000|  0%| F|  |TAMS 0x000000070bc00000, 0x000000070bc00000| Untracked 
|  90|0x000000070be00000, 0x000000070be00000, 0x000000070c000000|  0%| F|  |TAMS 0x000000070be00000, 0x000000070be00000| Untracked 
|  91|0x000000070c000000, 0x000000070c000000, 0x000000070c200000|  0%| F|  |TAMS 0x000000070c000000, 0x000000070c000000| Untracked 
|  92|0x000000070c200000, 0x000000070c200000, 0x000000070c400000|  0%| F|  |TAMS 0x000000070c200000, 0x000000070c200000| Untracked 
|  93|0x000000070c400000, 0x000000070c400000, 0x000000070c600000|  0%| F|  |TAMS 0x000000070c400000, 0x000000070c400000| Untracked 
|  94|0x000000070c600000, 0x000000070c600000, 0x000000070c800000|  0%| F|  |TAMS 0x000000070c600000, 0x000000070c600000| Untracked 
|  95|0x000000070c800000, 0x000000070c800000, 0x000000070ca00000|  0%| F|  |TAMS 0x000000070c800000, 0x000000070c800000| Untracked 
|  96|0x000000070ca00000, 0x000000070ca00000, 0x000000070cc00000|  0%| F|  |TAMS 0x000000070ca00000, 0x000000070ca00000| Untracked 
|  97|0x000000070cc00000, 0x000000070cc9b980, 0x000000070ce00000| 30%| S|CS|TAMS 0x000000070cc00000, 0x000000070cc00000| Complete 
|  98|0x000000070ce00000, 0x000000070d000000, 0x000000070d000000|100%| S|CS|TAMS 0x000000070ce00000, 0x000000070ce00000| Complete 
|  99|0x000000070d000000, 0x000000070d200000, 0x000000070d200000|100%| S|CS|TAMS 0x000000070d000000, 0x000000070d000000| Complete 
| 100|0x000000070d200000, 0x000000070d400000, 0x000000070d400000|100%| S|CS|TAMS 0x000000070d200000, 0x000000070d200000| Complete 
| 101|0x000000070d400000, 0x000000070d400000, 0x000000070d600000|  0%| F|  |TAMS 0x000000070d400000, 0x000000070d400000| Untracked 
| 102|0x000000070d600000, 0x000000070d600000, 0x000000070d800000|  0%| F|  |TAMS 0x000000070d600000, 0x000000070d600000| Untracked 
| 103|0x000000070d800000, 0x000000070d800000, 0x000000070da00000|  0%| F|  |TAMS 0x000000070d800000, 0x000000070d800000| Untracked 
| 104|0x000000070da00000, 0x000000070da00000, 0x000000070dc00000|  0%| F|  |TAMS 0x000000070da00000, 0x000000070da00000| Untracked 
| 105|0x000000070dc00000, 0x000000070dc00000, 0x000000070de00000|  0%| F|  |TAMS 0x000000070dc00000, 0x000000070dc00000| Untracked 
| 106|0x000000070de00000, 0x000000070de00000, 0x000000070e000000|  0%| F|  |TAMS 0x000000070de00000, 0x000000070de00000| Untracked 
| 107|0x000000070e000000, 0x000000070e000000, 0x000000070e200000|  0%| F|  |TAMS 0x000000070e000000, 0x000000070e000000| Untracked 
| 108|0x000000070e200000, 0x000000070e200000, 0x000000070e400000|  0%| F|  |TAMS 0x000000070e200000, 0x000000070e200000| Untracked 
| 109|0x000000070e400000, 0x000000070e400000, 0x000000070e600000|  0%| F|  |TAMS 0x000000070e400000, 0x000000070e400000| Untracked 
| 110|0x000000070e600000, 0x000000070e600000, 0x000000070e800000|  0%| F|  |TAMS 0x000000070e600000, 0x000000070e600000| Untracked 
| 111|0x000000070e800000, 0x000000070e800000, 0x000000070ea00000|  0%| F|  |TAMS 0x000000070e800000, 0x000000070e800000| Untracked 
| 112|0x000000070ea00000, 0x000000070ea00000, 0x000000070ec00000|  0%| F|  |TAMS 0x000000070ea00000, 0x000000070ea00000| Untracked 
| 113|0x000000070ec00000, 0x000000070ec00000, 0x000000070ee00000|  0%| F|  |TAMS 0x000000070ec00000, 0x000000070ec00000| Untracked 
| 114|0x000000070ee00000, 0x000000070ee00000, 0x000000070f000000|  0%| F|  |TAMS 0x000000070ee00000, 0x000000070ee00000| Untracked 
| 115|0x000000070f000000, 0x000000070f000000, 0x000000070f200000|  0%| F|  |TAMS 0x000000070f000000, 0x000000070f000000| Untracked 
| 116|0x000000070f200000, 0x000000070f200000, 0x000000070f400000|  0%| F|  |TAMS 0x000000070f200000, 0x000000070f200000| Untracked 
| 117|0x000000070f400000, 0x000000070f400000, 0x000000070f600000|  0%| F|  |TAMS 0x000000070f400000, 0x000000070f400000| Untracked 
| 118|0x000000070f600000, 0x000000070f600000, 0x000000070f800000|  0%| F|  |TAMS 0x000000070f600000, 0x000000070f600000| Untracked 
| 119|0x000000070f800000, 0x000000070f800000, 0x000000070fa00000|  0%| F|  |TAMS 0x000000070f800000, 0x000000070f800000| Untracked 
| 120|0x000000070fa00000, 0x000000070fa00000, 0x000000070fc00000|  0%| F|  |TAMS 0x000000070fa00000, 0x000000070fa00000| Untracked 
| 121|0x000000070fc00000, 0x000000070fc00000, 0x000000070fe00000|  0%| F|  |TAMS 0x000000070fc00000, 0x000000070fc00000| Untracked 
| 122|0x000000070fe00000, 0x000000070fe00000, 0x0000000710000000|  0%| F|  |TAMS 0x000000070fe00000, 0x000000070fe00000| Untracked 
| 123|0x0000000710000000, 0x0000000710000000, 0x0000000710200000|  0%| F|  |TAMS 0x0000000710000000, 0x0000000710000000| Untracked 
| 124|0x0000000710200000, 0x0000000710200000, 0x0000000710400000|  0%| F|  |TAMS 0x0000000710200000, 0x0000000710200000| Untracked 
| 125|0x0000000710400000, 0x0000000710400000, 0x0000000710600000|  0%| F|  |TAMS 0x0000000710400000, 0x0000000710400000| Untracked 
| 126|0x0000000710600000, 0x0000000710600000, 0x0000000710800000|  0%| F|  |TAMS 0x0000000710600000, 0x0000000710600000| Untracked 
| 127|0x0000000710800000, 0x00000007109fd670, 0x0000000710a00000| 99%| E|  |TAMS 0x0000000710800000, 0x0000000710800000| Complete 

Card table byte_map: [0x0000018099720000,0x0000018099f20000] _byte_map_base: 0x0000018095f1b000

Marking Bits (Prev, Next): (CMBitMap*) 0x000001808e7338a0, (CMBitMap*) 0x000001808e7338e0
 Prev Bits: [0x000001809a720000, 0x000001809e6f8000)
 Next Bits: [0x000001809e700000, 0x00000180a26d8000)

Polling page: 0x000001808dea0000

Metaspace:

Usage:
  Non-class:     18.14 MB used.
      Class:      2.88 MB used.
       Both:     21.01 MB used.

Virtual space:
  Non-class space:       24.00 MB reserved,      18.31 MB ( 76%) committed,  3 nodes.
      Class space:        1.00 GB reserved,       3.00 MB ( <1%) committed,  1 nodes.
             Both:        1.02 GB reserved,      21.31 MB (  2%) committed. 

Chunk freelists:
   Non-Class:  1.12 MB
       Class:  848.00 KB
        Both:  1.95 MB

MaxMetaspaceSize: unlimited
CompressedClassSpaceSize: 1.00 GB
Initial GC threshold: 21.00 MB
Current GC threshold: 21.31 MB
CDS: on
MetaspaceReclaimPolicy: balanced
 - commit_granule_bytes: 65536.
 - commit_granule_words: 8192.
 - virtual_space_node_default_size: 1048576.
 - enlarge_chunks_in_place: 1.
 - new_chunks_are_fully_committed: 0.
 - uncommit_free_chunks: 1.
 - use_allocation_guard: 0.
 - handle_deallocations: 1.


Internal statistics:

num_allocs_failed_limit: 3.
num_arena_births: 280.
num_arena_deaths: 0.
num_vsnodes_births: 4.
num_vsnodes_deaths: 0.
num_space_committed: 341.
num_space_uncommitted: 0.
num_chunks_returned_to_freelist: 3.
num_chunks_taken_from_freelist: 992.
num_chunk_merges: 3.
num_chunk_splits: 673.
num_chunks_enlarged: 498.
num_purges: 0.
num_inconsistent_stats: 0.

CodeCache: size=49152Kb used=7496Kb max_used=7496Kb free=41655Kb
 bounds [0x0000018095f20000, 0x0000018096680000, 0x0000018098f20000]
 total_blobs=3765 nmethods=3282 adapters=409
 compilation: enabled
              stopped_count=0, restarted_count=0
 full_count=0

Compilation events (20 events):
Event: 3.437 Thread 0x00000180a567c070 3267       1       org.springframework.core.ResolvableType::getGenerics (148 bytes)
Event: 3.438 Thread 0x00000180a567c070 nmethod 3267 0x000001809666c190 code [0x000001809666c3e0, 0x000001809666ceb8]
Event: 3.440 Thread 0x00000180a567c070 3268       1       org.springframework.core.MethodParameter::getMethod (22 bytes)
Event: 3.440 Thread 0x00000180a567c070 nmethod 3268 0x000001809666d310 code [0x000001809666d4a0, 0x000001809666d618]
Event: 3.447 Thread 0x00000180a4ad2110 3269       1       org.springframework.core.annotation.AnnotationsProcessor::doWithAggregate (2 bytes)
Event: 3.447 Thread 0x00000180a4ad2110 nmethod 3269 0x000001809666d690 code [0x000001809666d820, 0x000001809666d8f8]
Event: 3.448 Thread 0x00000180a4ad2110 3270       1       java.util.LinkedHashMap::keysToArray (38 bytes)
Event: 3.448 Thread 0x00000180a567c070 3271   !   1       org.springframework.core.annotation.AttributeMethods::isValid (51 bytes)
Event: 3.448 Thread 0x00000180a4ad2110 nmethod 3270 0x000001809666d990 code [0x000001809666db20, 0x000001809666dd38]
Event: 3.449 Thread 0x00000180a567c070 nmethod 3271 0x000001809666de90 code [0x000001809666e0a0, 0x000001809666e5c8]
Event: 3.451 Thread 0x00000180a567c070 3272   !   1       jdk.proxy2.$Proxy28::name (29 bytes)
Event: 3.451 Thread 0x00000180a567c070 nmethod 3272 0x000001809666ea10 code [0x000001809666ebc0, 0x000001809666ed98]
Event: 3.452 Thread 0x00000180a567c070 3273       1       org.springframework.core.ResolvableType::as (86 bytes)
Event: 3.452 Thread 0x00000180a567c070 nmethod 3273 0x000001809666ef10 code [0x000001809666f100, 0x000001809666f378]
Event: 3.453 Thread 0x00000180a4ad2110 3274       1       org.springframework.boot.autoconfigure.condition.OnBeanCondition$Spec::extract (165 bytes)
Event: 3.454 Thread 0x00000180a567c070 3275       1       org.springframework.core.annotation.AnnotationAttributes::getString (11 bytes)
Event: 3.454 Thread 0x00000180a4ad2110 nmethod 3274 0x000001809666f590 code [0x000001809666f800, 0x0000018096670068]
Event: 3.454 Thread 0x00000180a567c070 nmethod 3275 0x0000018096670510 code [0x00000180966706a0, 0x00000180966707c8]
Event: 3.473 Thread 0x00000180a567c070 3276       1       org.springframework.core.ResolvableType::forType (17 bytes)
Event: 3.473 Thread 0x00000180a567c070 nmethod 3276 0x0000018096670890 code [0x0000018096670a40, 0x0000018096670c08]

GC Heap History (12 events):
Event: 0.898 GC heap before
{Heap before GC invocations=0 (full 0):
 garbage-first heap   total 262144K, used 10240K [0x0000000700a00000, 0x0000000800000000)
  region size 2048K, 6 young (12288K), 0 survivors (0K)
 Metaspace       used 294K, committed 512K, reserved 1056768K
  class space    used 19K, committed 128K, reserved 1048576K
}
Event: 0.906 GC heap after
{Heap after GC invocations=1 (full 0):
 garbage-first heap   total 262144K, used 8815K [0x0000000700a00000, 0x0000000800000000)
  region size 2048K, 1 young (2048K), 1 survivors (2048K)
 Metaspace       used 294K, committed 512K, reserved 1056768K
  class space    used 19K, committed 128K, reserved 1048576K
}
Event: 0.992 GC heap before
{Heap before GC invocations=1 (full 0):
 garbage-first heap   total 262144K, used 17007K [0x0000000700a00000, 0x0000000800000000)
  region size 2048K, 6 young (12288K), 1 survivors (2048K)
 Metaspace       used 294K, committed 512K, reserved 1056768K
  class space    used 19K, committed 128K, reserved 1048576K
}
Event: 0.996 GC heap after
{Heap after GC invocations=2 (full 0):
 garbage-first heap   total 262144K, used 18302K [0x0000000700a00000, 0x0000000800000000)
  region size 2048K, 1 young (2048K), 1 survivors (2048K)
 Metaspace       used 294K, committed 512K, reserved 1056768K
  class space    used 19K, committed 128K, reserved 1048576K
}
Event: 1.538 GC heap before
{Heap before GC invocations=2 (full 0):
 garbage-first heap   total 262144K, used 28542K [0x0000000700a00000, 0x0000000800000000)
  region size 2048K, 7 young (14336K), 1 survivors (2048K)
 Metaspace       used 4767K, committed 4928K, reserved 1056768K
  class space    used 553K, committed 640K, reserved 1048576K
}
Event: 1.543 GC heap after
{Heap after GC invocations=3 (full 0):
 garbage-first heap   total 262144K, used 25328K [0x0000000700a00000, 0x0000000800000000)
  region size 2048K, 1 young (2048K), 1 survivors (2048K)
 Metaspace       used 4767K, committed 4928K, reserved 1056768K
  class space    used 553K, committed 640K, reserved 1048576K
}
Event: 1.943 GC heap before
{Heap before GC invocations=3 (full 0):
 garbage-first heap   total 262144K, used 43760K [0x0000000700a00000, 0x0000000800000000)
  region size 2048K, 10 young (20480K), 1 survivors (2048K)
 Metaspace       used 6986K, committed 7104K, reserved 1056768K
  class space    used 851K, committed 896K, reserved 1048576K
}
Event: 1.946 GC heap after
{Heap after GC invocations=4 (full 0):
 garbage-first heap   total 262144K, used 26526K [0x0000000700a00000, 0x0000000800000000)
  region size 2048K, 2 young (4096K), 2 survivors (4096K)
 Metaspace       used 6986K, committed 7104K, reserved 1056768K
  class space    used 851K, committed 896K, reserved 1048576K
}
Event: 2.555 GC heap before
{Heap before GC invocations=4 (full 0):
 garbage-first heap   total 262144K, used 63390K [0x0000000700a00000, 0x0000000800000000)
  region size 2048K, 21 young (43008K), 2 survivors (4096K)
 Metaspace       used 15119K, committed 15296K, reserved 1064960K
  class space    used 2104K, committed 2176K, reserved 1048576K
}
Event: 2.561 GC heap after
{Heap after GC invocations=5 (full 0):
 garbage-first heap   total 262144K, used 29148K [0x0000000700a00000, 0x0000000800000000)
  region size 2048K, 2 young (4096K), 2 survivors (4096K)
 Metaspace       used 15119K, committed 15296K, reserved 1064960K
  class space    used 2104K, committed 2176K, reserved 1048576K
}
Event: 3.461 GC heap before
{Heap before GC invocations=5 (full 0):
 garbage-first heap   total 262144K, used 78300K [0x0000000700a00000, 0x0000000800000000)
  region size 2048K, 27 young (55296K), 2 survivors (4096K)
 Metaspace       used 21238K, committed 21504K, reserved 1073152K
  class space    used 2907K, committed 3008K, reserved 1048576K
}
Event: 3.468 GC heap after
{Heap after GC invocations=6 (full 0):
 garbage-first heap   total 262144K, used 32106K [0x0000000700a00000, 0x0000000800000000)
  region size 2048K, 4 young (8192K), 4 survivors (8192K)
 Metaspace       used 21238K, committed 21504K, reserved 1073152K
  class space    used 2907K, committed 3008K, reserved 1048576K
}

Deoptimization events (6 events):
Event: 1.175 Thread 0x000001808e6e41f0 DEOPT PACKING pc=0x00000180961994ad sp=0x00000062c04fe110
Event: 1.175 Thread 0x000001808e6e41f0 DEOPT UNPACKING pc=0x0000018095f72b24 sp=0x00000062c04fd670 mode 3
Event: 1.678 Thread 0x000001808e6e41f0 DEOPT PACKING pc=0x00000180961f1d81 sp=0x00000062c04fd780
Event: 1.678 Thread 0x000001808e6e41f0 DEOPT UNPACKING pc=0x0000018095f72b24 sp=0x00000062c04fcbd8 mode 3
Event: 2.425 Thread 0x00000180a6b95b40 DEOPT PACKING pc=0x00000180964bd6f9 sp=0x00000062c1efcc20
Event: 2.425 Thread 0x00000180a6b95b40 DEOPT UNPACKING pc=0x0000018095f72b24 sp=0x00000062c1efc100 mode 3

Classes unloaded (0 events):
No events

Classes redefined (0 events):
No events

Internal exceptions (20 events):
Event: 2.500 Thread 0x00000180a6b95b40 Exception <a 'java/lang/ClassNotFoundException'{0x000000070e495230}: org/springframework/core/PriorityOrderedCustomizer> (0x000000070e495230) 
thrown [t:\workspace\open\src\hotspot\share\classfile\systemDictionary.cpp, line 256]
Event: 2.500 Thread 0x00000180a6b95b40 Exception <a 'java/lang/ClassNotFoundException'{0x000000070e49b230}: org/springframework/core/OrderedCustomizer> (0x000000070e49b230) 
thrown [t:\workspace\open\src\hotspot\share\classfile\systemDictionary.cpp, line 256]
Event: 2.501 Thread 0x00000180a6b95b40 Exception <a 'java/lang/ClassNotFoundException'{0x000000070e4a26f0}: org/springframework/context/ResourceLoaderAwareCustomizer> (0x000000070e4a26f0) 
thrown [t:\workspace\open\src\hotspot\share\classfile\systemDictionary.cpp, line 256]
Event: 2.502 Thread 0x00000180a6b95b40 Exception <a 'java/lang/ClassNotFoundException'{0x000000070e4a9cd0}: org/springframework/beans/factory/AwareCustomizer> (0x000000070e4a9cd0) 
thrown [t:\workspace\open\src\hotspot\share\classfile\systemDictionary.cpp, line 256]
Event: 2.503 Thread 0x00000180a6b95b40 Exception <a 'java/lang/ClassNotFoundException'{0x000000070e4fea28}: org/springframework/context/ApplicationStartupAwareCustomizer> (0x000000070e4fea28) 
thrown [t:\workspace\open\src\hotspot\share\classfile\systemDictionary.cpp, line 256]
Event: 2.504 Thread 0x00000180a6b95b40 Exception <a 'java/lang/ClassNotFoundException'{0x000000070e506290}: org/springframework/beans/factory/AwareCustomizer> (0x000000070e506290) 
thrown [t:\workspace\open\src\hotspot\share\classfile\systemDictionary.cpp, line 256]
Event: 2.504 Thread 0x00000180a6b95b40 Exception <a 'java/lang/ClassNotFoundException'{0x000000070e50ca58}: org/springframework/beans/factory/BeanClassLoaderAwareCustomizer> (0x000000070e50ca58) 
thrown [t:\workspace\open\src\hotspot\share\classfile\systemDictionary.cpp, line 256]
Event: 2.505 Thread 0x00000180a6b95b40 Exception <a 'java/lang/ClassNotFoundException'{0x000000070e514020}: org/springframework/beans/factory/AwareCustomizer> (0x000000070e514020) 
thrown [t:\workspace\open\src\hotspot\share\classfile\systemDictionary.cpp, line 256]
Event: 2.506 Thread 0x00000180a6b95b40 Exception <a 'java/lang/ClassNotFoundException'{0x000000070e51a3c8}: org/springframework/context/EnvironmentAwareCustomizer> (0x000000070e51a3c8) 
thrown [t:\workspace\open\src\hotspot\share\classfile\systemDictionary.cpp, line 256]
Event: 2.507 Thread 0x00000180a6b95b40 Exception <a 'java/lang/ClassNotFoundException'{0x000000070e548c68}: org/springframework/beans/factory/AwareCustomizer> (0x000000070e548c68) 
thrown [t:\workspace\open\src\hotspot\share\classfile\systemDictionary.cpp, line 256]
Event: 2.632 Thread 0x00000180a6cdf6e0 Exception <a 'java/lang/NoSuchMethodError'{0x00000007103c49a0}: 'java.lang.Object java.lang.invoke.DirectMethodHandle$Holder.invokeStaticInit(java.lang.Object, java.lang.Object, java.lang.Object)'> (0x00000007103c49a0) 
thrown [t:\workspace\open\src\hotspot\share\interpreter\linkResolver.cpp, line 766]
Event: 2.633 Thread 0x00000180a6cdf6e0 Exception <a 'java/lang/NoSuchMethodError'{0x00000007103ca890}: 'java.lang.Object java.lang.invoke.DirectMethodHandle$Holder.invokeStaticInit(java.lang.Object, java.lang.Object, java.lang.Object, java.lang.Object, java.lang.Object)'> (0x00000007103ca890) 
thrown [t:\workspace\open\src\hotspot\share\interpreter\linkResolver.cpp, line 766]
Event: 2.769 Thread 0x00000180a6cdf6e0 Exception <a 'java/lang/NoSuchMethodError'{0x000000070f4786f0}: 'long java.lang.invoke.DirectMethodHandle$Holder.invokeSpecial(java.lang.Object, java.lang.Object)'> (0x000000070f4786f0) 
thrown [t:\workspace\open\src\hotspot\share\interpreter\linkResolver.cpp, line 766]
Event: 2.772 Thread 0x00000180a6cdf6e0 Exception <a 'java/lang/NoSuchMethodError'{0x000000070f4a50b8}: 'long java.lang.invoke.DirectMethodHandle$Holder.invokeStatic(java.lang.Object, java.lang.Object)'> (0x000000070f4a50b8) 
thrown [t:\workspace\open\src\hotspot\share\interpreter\linkResolver.cpp, line 766]
Event: 2.773 Thread 0x00000180a6cdf6e0 Exception <a 'java/lang/NoSuchMethodError'{0x000000070f4a86b8}: 'long java.lang.invoke.DirectMethodHandle$Holder.invokeStaticInit(java.lang.Object, java.lang.Object)'> (0x000000070f4a86b8) 
thrown [t:\workspace\open\src\hotspot\share\interpreter\linkResolver.cpp, line 766]
Event: 2.778 Thread 0x00000180a6cdf6e0 Exception <a 'java/lang/NoSuchMethodError'{0x000000070f5650b0}: 'long java.lang.invoke.DirectMethodHandle$Holder.invokeInterface(java.lang.Object, java.lang.Object)'> (0x000000070f5650b0) 
thrown [t:\workspace\open\src\hotspot\share\interpreter\linkResolver.cpp, line 766]
Event: 2.778 Thread 0x00000180a6cdf6e0 Exception <a 'java/lang/IncompatibleClassChangeError'{0x000000070f568640}: Found class java.lang.Object, but interface was expected> (0x000000070f568640) 
thrown [t:\workspace\open\src\hotspot\share\interpreter\linkResolver.cpp, line 833]
Event: 2.787 Thread 0x00000180a6b95b40 Exception <a 'java/lang/IncompatibleClassChangeError'{0x000000070f254ac8}: Found class java.lang.Object, but interface was expected> (0x000000070f254ac8) 
thrown [t:\workspace\open\src\hotspot\share\interpreter\linkResolver.cpp, line 833]
Event: 2.792 Thread 0x00000180a6cdf6e0 Exception <a 'java/lang/NoSuchMethodError'{0x000000070f5d4090}: 'java.lang.Object java.lang.invoke.DirectMethodHandle$Holder.invokeVirtual(java.lang.Object, java.lang.Object, java.lang.Object, java.lang.Object)'> (0x000000070f5d4090) 
thrown [t:\workspace\open\src\hotspot\share\interpreter\linkResolver.cpp, line 766]
Event: 2.822 Thread 0x00000180a6b95b40 Exception <a 'java/lang/NoSuchMethodError'{0x000000070f3e7e70}: 'void java.lang.invoke.DirectMethodHandle$Holder.invokeInterface(java.lang.Object, java.lang.Object, java.lang.Object, java.lang.Object)'> (0x000000070f3e7e70) 
thrown [t:\workspace\open\src\hotspot\share\interpreter\linkResolver.cpp, line 766]

VM Operations (20 events):
Event: 2.143 Executing VM operation: HandshakeAllThreads
Event: 2.143 Executing VM operation: HandshakeAllThreads done
Event: 2.377 Executing VM operation: ICBufferFull
Event: 2.377 Executing VM operation: ICBufferFull done
Event: 2.434 Executing VM operation: HandshakeAllThreads
Event: 2.434 Executing VM operation: HandshakeAllThreads done
Event: 2.446 Executing VM operation: HandshakeAllThreads
Event: 2.446 Executing VM operation: HandshakeAllThreads done
Event: 2.467 Executing VM operation: HandshakeAllThreads
Event: 2.467 Executing VM operation: HandshakeAllThreads done
Event: 2.517 Executing VM operation: HandshakeAllThreads
Event: 2.517 Executing VM operation: HandshakeAllThreads done
Event: 2.555 Executing VM operation: G1CollectForAllocation
Event: 2.561 Executing VM operation: G1CollectForAllocation done
Event: 3.204 Executing VM operation: HandshakeAllThreads
Event: 3.204 Executing VM operation: HandshakeAllThreads done
Event: 3.211 Executing VM operation: ICBufferFull
Event: 3.211 Executing VM operation: ICBufferFull done
Event: 3.460 Executing VM operation: CollectForMetadataAllocation
Event: 3.468 Executing VM operation: CollectForMetadataAllocation done

Events (20 events):
Event: 2.670 loading class sun/text/resources/cldr/FormatData_en_US done
Event: 2.673 Thread 0x00000180a6f8ea50 Thread added: 0x00000180a6f8ea50
Event: 2.685 loading class java/util/concurrent/atomic/AtomicReference
Event: 2.685 loading class java/util/concurrent/atomic/AtomicReference done
Event: 2.726 loading class javax/naming/ldap/LdapContext
Event: 2.726 loading class javax/naming/directory/DirContext
Event: 2.726 loading class javax/naming/directory/DirContext done
Event: 2.726 loading class javax/naming/ldap/LdapContext done
Event: 2.753 loading class java/util/regex/Pattern$Pos
Event: 2.754 loading class java/util/regex/Pattern$Pos done
Event: 2.773 Thread 0x00000180a6f8ea50 Thread exited: 0x00000180a6f8ea50
Event: 2.796 Thread 0x00000180a6cdf6e0 Thread exited: 0x00000180a6cdf6e0
Event: 2.928 loading class java/io/UnsupportedEncodingException
Event: 2.928 loading class java/io/UnsupportedEncodingException done
Event: 2.929 loading class java/nio/charset/CharacterCodingException
Event: 2.929 loading class java/nio/charset/CharacterCodingException done
Event: 3.369 loading class java/lang/TypeNotPresentException
Event: 3.369 loading class java/lang/TypeNotPresentException done
Event: 3.403 loading class javax/management/MalformedObjectNameException
Event: 3.403 loading class javax/management/MalformedObjectNameException done


Dynamic libraries:
0x00007ff65cbf0000 - 0x00007ff65cc00000 	C:\Program Files\Java\jdk-17.0.2\bin\java.exe
0x00007ffd18730000 - 0x00007ffd18925000 	C:\Windows\SYSTEM32\ntdll.dll
0x00007ffd17cf0000 - 0x00007ffd17dae000 	C:\Windows\System32\KERNEL32.DLL
0x00007ffd15fb0000 - 0x00007ffd16278000 	C:\Windows\System32\KERNELBASE.dll
0x00007ffd16490000 - 0x00007ffd16590000 	C:\Windows\System32\ucrtbase.dll
0x00007ffd110e0000 - 0x00007ffd110f8000 	C:\Program Files\Java\jdk-17.0.2\bin\jli.dll
0x00007ffd17ff0000 - 0x00007ffd1809e000 	C:\Windows\System32\ADVAPI32.dll
0x00007ffd180a0000 - 0x00007ffd1813e000 	C:\Windows\System32\msvcrt.dll
0x00007ffd173f0000 - 0x00007ffd1748c000 	C:\Windows\System32\sechost.dll
0x00007ffd185c0000 - 0x00007ffd186e5000 	C:\Windows\System32\RPCRT4.dll
0x00007ffd17490000 - 0x00007ffd17630000 	C:\Windows\System32\USER32.dll
0x00007ffd15f50000 - 0x00007ffd15f72000 	C:\Windows\System32\win32u.dll
0x00007ffd17210000 - 0x00007ffd1723b000 	C:\Windows\System32\GDI32.dll
0x00007ffd15e40000 - 0x00007ffd15f4d000 	C:\Windows\System32\gdi32full.dll
0x00007ffd163a0000 - 0x00007ffd1643d000 	C:\Windows\System32\msvcp_win.dll
0x00007ffd11100000 - 0x00007ffd1111a000 	C:\Program Files\Java\jdk-17.0.2\bin\VCRUNTIME140.dll
0x00007ffd00a70000 - 0x00007ffd00d0a000 	C:\Windows\WinSxS\amd64_microsoft.windows.common-controls_6595b64144ccf1df_6.0.19041.1110_none_60b5254171f9507e\COMCTL32.dll
0x00007ffd0f5c0000 - 0x00007ffd0f5ca000 	C:\Windows\SYSTEM32\VERSION.dll
0x00007ffd17dc0000 - 0x00007ffd17df0000 	C:\Windows\System32\IMM32.DLL
0x00007ffd116f0000 - 0x00007ffd116fc000 	C:\Program Files\Java\jdk-17.0.2\bin\vcruntime140_1.dll
0x00007ffd085a0000 - 0x00007ffd0862d000 	C:\Program Files\Java\jdk-17.0.2\bin\msvcp140.dll
0x00007ffcd06a0000 - 0x00007ffcd1261000 	C:\Program Files\Java\jdk-17.0.2\bin\server\jvm.dll
0x00007ffd16f40000 - 0x00007ffd16f48000 	C:\Windows\System32\PSAPI.DLL
0x00007ffcfb9b0000 - 0x00007ffcfb9b9000 	C:\Windows\SYSTEM32\WSOCK32.dll
0x00007ffd18550000 - 0x00007ffd185bb000 	C:\Windows\System32\WS2_32.dll
0x00007ffd0aca0000 - 0x00007ffd0acc7000 	C:\Windows\SYSTEM32\WINMM.dll
0x00007ffd13d10000 - 0x00007ffd13d22000 	C:\Windows\SYSTEM32\kernel.appcore.dll
0x00007ffd110d0000 - 0x00007ffd110da000 	C:\Program Files\Java\jdk-17.0.2\bin\jimage.dll
0x00007ffd02f40000 - 0x00007ffd03124000 	C:\Windows\SYSTEM32\DBGHELP.DLL
0x00007ffcfed30000 - 0x00007ffcfed5c000 	C:\Windows\SYSTEM32\dbgcore.DLL
0x00007ffd166f0000 - 0x00007ffd16772000 	C:\Windows\System32\bcryptPrimitives.dll
0x00007ffd0eb30000 - 0x00007ffd0eb3e000 	C:\Program Files\Java\jdk-17.0.2\bin\instrument.dll
0x00007ffd110a0000 - 0x00007ffd110c5000 	C:\Program Files\Java\jdk-17.0.2\bin\java.dll
0x00007ffd084c0000 - 0x00007ffd08596000 	C:\Program Files\Java\jdk-17.0.2\bin\jsvml.dll
0x00007ffd167f0000 - 0x00007ffd16f34000 	C:\Windows\System32\SHELL32.dll
0x00007ffd13f10000 - 0x00007ffd146a4000 	C:\Windows\SYSTEM32\windows.storage.dll
0x00007ffd181f0000 - 0x00007ffd18545000 	C:\Windows\System32\combase.dll
0x00007ffd157b0000 - 0x00007ffd157de000 	C:\Windows\SYSTEM32\Wldp.dll
0x00007ffd18140000 - 0x00007ffd181ed000 	C:\Windows\System32\SHCORE.dll
0x00007ffd171b0000 - 0x00007ffd17205000 	C:\Windows\System32\shlwapi.dll
0x00007ffd15d80000 - 0x00007ffd15d9f000 	C:\Windows\SYSTEM32\profapi.dll
0x00007ffd0eb90000 - 0x00007ffd0eba8000 	C:\Program Files\Java\jdk-17.0.2\bin\zip.dll
0x00007ffd0ebd0000 - 0x00007ffd0ebe9000 	C:\Program Files\Java\jdk-17.0.2\bin\net.dll
0x00007ffd0d730000 - 0x00007ffd0d83c000 	C:\Windows\SYSTEM32\WINHTTP.dll
0x00007ffd15590000 - 0x00007ffd155fa000 	C:\Windows\system32\mswsock.dll
0x00007ffd0ebb0000 - 0x00007ffd0ebc6000 	C:\Program Files\Java\jdk-17.0.2\bin\nio.dll
0x00007ffd0ea80000 - 0x00007ffd0ea9a000 	C:\Program Files\JetBrains\IntelliJ IDEA 2021.3.2\bin\breakgen64.dll
0x00007ffd15290000 - 0x00007ffd1535b000 	C:\Windows\SYSTEM32\DNSAPI.dll
0x00007ffd15250000 - 0x00007ffd1528b000 	C:\Windows\SYSTEM32\IPHLPAPI.DLL
0x00007ffd16780000 - 0x00007ffd16788000 	C:\Windows\System32\NSI.dll
0x00007ffd0c810000 - 0x00007ffd0c81a000 	C:\Windows\System32\rasadhlp.dll
0x00007ffd0c930000 - 0x00007ffd0c9af000 	C:\Windows\System32\fwpuclnt.dll
0x00007ffd15f80000 - 0x00007ffd15fa7000 	C:\Windows\System32\bcrypt.dll
0x00007ffd10cd0000 - 0x00007ffd10cd9000 	C:\Program Files\Java\jdk-17.0.2\bin\management.dll
0x00007ffd106f0000 - 0x00007ffd106fb000 	C:\Program Files\Java\jdk-17.0.2\bin\management_ext.dll
0x00007ffd15b10000 - 0x00007ffd15b28000 	C:\Windows\SYSTEM32\CRYPTSP.dll
0x00007ffd14ec0000 - 0x00007ffd14ef4000 	C:\Windows\system32\rsaenh.dll
0x00007ffd15d00000 - 0x00007ffd15d2e000 	C:\Windows\SYSTEM32\USERENV.dll
0x00007ffd15720000 - 0x00007ffd1572c000 	C:\Windows\SYSTEM32\CRYPTBASE.dll
0x00007ffd0faf0000 - 0x00007ffd0fb07000 	C:\Windows\SYSTEM32\dhcpcsvc6.DLL
0x00007ffd0fad0000 - 0x00007ffd0faed000 	C:\Windows\SYSTEM32\dhcpcsvc.DLL
0x00007ffcfab20000 - 0x00007ffcfab37000 	C:\Windows\system32\napinsp.dll
0x00007ffcf9250000 - 0x00007ffcf926b000 	C:\Windows\system32\pnrpnsp.dll
0x00007ffcf9230000 - 0x00007ffcf9245000 	C:\Windows\system32\wshbth.dll
0x00007ffd119c0000 - 0x00007ffd119dd000 	C:\Windows\system32\NLAapi.dll
0x00007ffcf9210000 - 0x00007ffcf9222000 	C:\Windows\System32\winrnr.dll

dbghelp: loaded successfully - version: 4.0.5 - missing functions: none
symbol engine: initialized successfully - sym options: 0x614 - pdb path: .;C:\Program Files\Java\jdk-17.0.2\bin;C:\Windows\SYSTEM32;C:\Windows\WinSxS\amd64_microsoft.windows.common-controls_6595b64144ccf1df_6.0.19041.1110_none_60b5254171f9507e;C:\Program Files\Java\jdk-17.0.2\bin\server;C:\Program Files\JetBrains\IntelliJ IDEA 2021.3.2\bin

VM Arguments:
jvm_args: -XX:TieredStopAtLevel=1 -Xverify:none -Dspring.output.ansi.enabled=always -Dcom.sun.management.jmxremote -Dspring.jmx.enabled=true -Dspring.liveBeansView.mbeanDomain -Dspring.application.admin.enabled=true -javaagent:C:\Program Files\JetBrains\IntelliJ IDEA 2021.3.2\lib\idea_rt.jar=63720:C:\Program Files\JetBrains\IntelliJ IDEA 2021.3.2\bin -Dfile.encoding=UTF-8 
java_command: com.dampcave.courseworkitransitionai.CourseworkItransitionAiApplication
java_class_path (initial): C:\Users\DampCave\IdeaProjects\coursework-itransition-ai\target\classes;C:\Users\DampCave\.m2\repository\org\springframework\boot\spring-boot-starter-web\2.6.3\spring-boot-starter-web-2.6.3.jar;C:\Users\DampCave\.m2\repository\org\springframework\boot\spring-boot-starter\2.6.3\spring-boot-starter-2.6.3.jar;C:\Users\DampCave\.m2\repository\org\springframework\boot\spring-boot-starter-logging\2.6.3\spring-boot-starter-logging-2.6.3.jar;C:\Users\DampCave\.m2\repository\ch\qos\logback\logback-classic\1.2.10\logback-classic-1.2.10.jar;C:\Users\DampCave\.m2\repository\ch\qos\logback\logback-core\1.2.10\logback-core-1.2.10.jar;C:\Users\DampCave\.m2\repository\org\apache\logging\log4j\log4j-to-slf4j\2.17.1\log4j-to-slf4j-2.17.1.jar;C:\Users\DampCave\.m2\repository\org\apache\logging\log4j\log4j-api\2.17.1\log4j-api-2.17.1.jar;C:\Users\DampCave\.m2\repository\org\slf4j\jul-to-slf4j\1.7.33\jul-to-slf4j-1.7.33.jar;C:\Users\DampCave\.m2\repository\jakarta\annotation\jakarta.annotation-api\1.3.5\jakarta.annotation-api-1.3.5.jar;C:\Users\DampCave\.m2\repository\org\yaml\snakeyaml\1.29\snakeyaml-1.29.jar;C:\Users\DampCave\.m2\repository\org\springframework\boot\spring-boot-starter-json\2.6.3\spring-boot-starter-json-2.6.3.jar;C:\Users\DampCave\.m2\repository\com\fasterxml\jackson\core\jackson-databind\2.13.1\jackson-databind-2.13.1.jar;C:\Users\DampCave\.m2\repository\com\fasterxml\jackson\datatype\jackson-datatype-jdk8\2.13.1\jackson-datatype-jdk8-2.13.1.jar;C:\Users\DampCave\.m2\repository\com\fasterxml\jackson\datatype\jackson-datatype-jsr310\2.13.1\jackson-datatype-jsr310-2.13.1.jar;C:\Users\DampCave\.m2\repository\com\fasterxml\jackson\module\jackson-module-parameter-names\2.13.1\jackson-module-parameter-names-2.13.1.jar;C:\Users\DampCave\.m2\repository\org\springframework\boot\spring-boot-starter-tomcat\2.6.3\spring-boot-starter-tomcat-2.6.3.jar;C:\Users\DampCave\.m2\repository\org\apache\tomcat\embed\tomcat-embed-core\9.0.56\tomcat-embed-core-9.
Launcher Type: SUN_STANDARD

[Global flags]
     intx CICompilerCount                          = 3                                         {product} {ergonomic}
     uint ConcGCThreads                            = 1                                         {product} {ergonomic}
     uint G1ConcRefinementThreads                  = 4                                         {product} {ergonomic}
   size_t G1HeapRegionSize                         = 2097152                                   {product} {ergonomic}
    uintx GCDrainStackTargetSize                   = 64                                        {product} {ergonomic}
   size_t InitialHeapSize                          = 268435456                                 {product} {ergonomic}
     bool ManagementServer                         = true                                      {product} {command line}
   size_t MarkStackSize                            = 4194304                                   {product} {ergonomic}
   size_t MaxHeapSize                              = 4284481536                                {product} {ergonomic}
   size_t MaxNewSize                               = 2569011200                                {product} {ergonomic}
   size_t MinHeapDeltaBytes                        = 2097152                                   {product} {ergonomic}
   size_t MinHeapSize                              = 8388608                                   {product} {ergonomic}
    uintx NonProfiledCodeHeapSize                  = 0                                      {pd product} {ergonomic}
     bool ProfileInterpreter                       = false                                  {pd product} {command line}
    uintx ProfiledCodeHeapSize                     = 0                                      {pd product} {ergonomic}
   size_t SoftMaxHeapSize                          = 4284481536                             {manageable} {ergonomic}
     intx TieredStopAtLevel                        = 1                                         {product} {command line}
     bool UseCompressedClassPointers               = true                           {product lp64_product} {ergonomic}
     bool UseCompressedOops                        = true                           {product lp64_product} {ergonomic}
     bool UseG1GC                                  = true                                      {product} {ergonomic}
     bool UseLargePagesIndividualAllocation        = false                                  {pd product} {ergonomic}

Logging:
Log output configuration:
 #0: stdout all=warning uptime,level,tags
 #1: stderr all=off uptime,level,tags

Environment Variables:
JAVA_HOME=C:\Program Files\Java\jdk-16.0.2\bin\bin
PATH=C:\Program Files\Common Files\Oracle\Java\javapath;C:\Windows\system32;C:\Windows;C:\Windows\System32\Wbem;C:\Windows\System32\WindowsPowerShell\v1.0\;C:\Windows\System32\OpenSSH\;C:\Program Files\Git\cmd;C:\Program Files\Java\jdk-17.0.2\bin;C:\Program Files (x86)\HP\Common\HPDestPlgIn\;C:\Program Files\PowerShell\7\;C:\Program Files\NVIDIA Corporation\NVIDIA NvDLISR;C:\Program Files (x86)\NVIDIA Corporation\PhysX\Common;C:\Program Files\MySQL\MySQL Shell 8.0\bin\;C:\Users\DampCave\AppData\Local\Microsoft\WindowsApps;C:\Program Files\JetBrains\IntelliJ IDEA 2021.3.2\bin;;C:\Program Files (x86)\HP\Common\HPDestPlgIn\;C:\Program Files\Java\jdk-16.0.2\bin\bin;C:\Program Files\heroku\bin
USERNAME=DampCave
OS=Windows_NT
PROCESSOR_IDENTIFIER=Intel64 Family 6 Model 30 Stepping 5, GenuineIntel



---------------  S Y S T E M  ---------------

OS:
 Windows 10 , 64 bit Build 19041 (10.0.19041.1503)
OS uptime: 1 days 18:02 hours
Hyper-V role detected

CPU: total 4 (initial active 4) (4 cores per cpu, 1 threads per core) family 6 model 30 stepping 5 microcode 0xffff0007, cx8, cmov, fxsr, mmx, sse, sse2, sse3, ssse3, sse4.1, sse4.2, popcnt, tsc, tscinvbit, clflush, hv

Memory: 4k page, system-wide physical 16343M (8582M free)
TotalPageFile size 19543M (AvailPageFile size 7795M)
current process WorkingSet (physical memory assigned to process): 164M, peak: 164M
current process commit charge ("private bytes"): 386M, peak: 386M

vm_info: Java HotSpot(TM) 64-Bit Server VM (17.0.2+8-LTS-86) for windows-amd64 JRE (17.0.2+8-LTS-86), built on Dec  7 2021 21:51:03 by "mach5one" with MS VC++ 16.8 / 16.9 (VS2019)

END.
